
///////////////////////////////////
// Efinity Synthesis Started 
// Apr 04, 2025 21:39:48
///////////////////////////////////

[EFX-0011 VERI-WARNING] port 'io_apbSlave_0_PADDR' remains unconnected for this instance (VERI-1927) (C:\Efinity\Embedded\Lab5\top.v:218)
[EFX-0011 VERI-WARNING] port 'io_apbSlave_0_PRDATA' is not connected on this instance (VERI-2435) (C:\Efinity\Embedded\Lab5\top.v:218)
[EFX-0011 VERI-WARNING] expression size 32 truncated to fit in target size 1 (VERI-1209) (C:\Efinity\Embedded\Lab5\axi4_lite.v:404)
[EFX-0011 VERI-WARNING] expression size 32 truncated to fit in target size 1 (VERI-1209) (C:\Efinity\Embedded\Lab5\axi4_lite.v:405)
[EFX-0011 VERI-WARNING] expression size 32 truncated to fit in target size 1 (VERI-1209) (C:\Efinity\Embedded\Lab5\axi4_lite.v:406)
[EFX-0011 VERI-WARNING] expression size 32 truncated to fit in target size 1 (VERI-1209) (C:\Efinity\Embedded\Lab5\axi4_lite.v:407)
[EFX-0011 VERI-WARNING] actual bit length 32 differs from formal bit length 4 for port 'S_AXI_AWADDR' (VERI-1330) (C:\Efinity\Embedded\Lab5\top.v:111)
[EFX-0011 VERI-WARNING] actual bit length 32 differs from formal bit length 4 for port 'S_AXI_ARADDR' (VERI-1330) (C:\Efinity\Embedded\Lab5\top.v:122)
[EFX-0011 VERI-WARNING] net 'IBusSimplePlugin_rspJoin_fetchRsp_isRvc' does not have a driver (VDB-1002) (C:/Efinity/Embedded/Lab5\ip/soc\soc.v:7112)
[EFX-0011 VERI-WARNING] net 'CsrPlugin_mtvec_mode[1]' does not have a driver (VDB-1002) (C:/Efinity/Embedded/Lab5\ip/soc\soc.v:7201)
[EFX-0011 VERI-WARNING] system function call 'urandom' is not supported (VERI-1141) (C:/Efinity/Embedded/Lab5\ip/soc\soc.v:12588)
[EFX-0011 VERI-WARNING] system function call 'urandom' is not supported (VERI-1141) (C:/Efinity/Embedded/Lab5\ip/soc\soc.v:12589)
[EFX-0011 VERI-WARNING] system function call 'urandom' is not supported (VERI-1141) (C:/Efinity/Embedded/Lab5\ip/soc\soc.v:13356)
[EFX-0011 VERI-WARNING] system function call 'urandom' is not supported (VERI-1141) (C:/Efinity/Embedded/Lab5\ip/soc\soc.v:13357)
[EFX-0011 VERI-WARNING] net 'userInterruptA' does not have a driver (VDB-1002) (C:\Efinity\Embedded\Lab5\top.v:62)
[EFX-0011 VERI-WARNING] input port 'io_apbSlave_0_PRDATA[31]' remains unconnected for this instance (VDB-1053) (C:\Efinity\Embedded\Lab5\top.v:140)
[EFX-0200 WARNING] Removing redundant signal : S_AXI_AWPROT[2]. (C:\Efinity\Embedded\Lab5\axi4_lite.v:33)
[EFX-0200 WARNING] Removing redundant signal : S_AXI_AWPROT[1]. (C:\Efinity\Embedded\Lab5\axi4_lite.v:33)
[EFX-0200 WARNING] Removing redundant signal : S_AXI_AWPROT[0]. (C:\Efinity\Embedded\Lab5\axi4_lite.v:33)
[EFX-0200 WARNING] Removing redundant signal : S_AXI_ARPROT[2]. (C:\Efinity\Embedded\Lab5\axi4_lite.v:66)
[EFX-0200 WARNING] Removing redundant signal : S_AXI_ARPROT[1]. (C:\Efinity\Embedded\Lab5\axi4_lite.v:66)
[EFX-0200 WARNING] Removing redundant signal : S_AXI_ARPROT[0]. (C:\Efinity\Embedded\Lab5\axi4_lite.v:66)
[EFX-0200 WARNING] Removing redundant signal : byte_index[31]. (C:\Efinity\Embedded\Lab5\axi4_lite.v:116)
[EFX-0200 WARNING] Removing redundant signal : byte_index[30]. (C:\Efinity\Embedded\Lab5\axi4_lite.v:116)
[EFX-0200 WARNING] Removing redundant signal : byte_index[29]. (C:\Efinity\Embedded\Lab5\axi4_lite.v:116)
[EFX-0200 WARNING] Removing redundant signal : byte_index[28]. (C:\Efinity\Embedded\Lab5\axi4_lite.v:116)
[EFX-0200 WARNING] Removing redundant signal : byte_index[27]. (C:\Efinity\Embedded\Lab5\axi4_lite.v:116)
[EFX-0200 WARNING] Removing redundant signal : byte_index[26]. (C:\Efinity\Embedded\Lab5\axi4_lite.v:116)
[EFX-0200 WARNING] Removing redundant signal : byte_index[25]. (C:\Efinity\Embedded\Lab5\axi4_lite.v:116)
[EFX-0200 WARNING] Removing redundant signal : byte_index[24]. (C:\Efinity\Embedded\Lab5\axi4_lite.v:116)
[EFX-0200 WARNING] Removing redundant signal : byte_index[23]. (C:\Efinity\Embedded\Lab5\axi4_lite.v:116)
[EFX-0200 WARNING] Removing redundant signal : byte_index[22]. (C:\Efinity\Embedded\Lab5\axi4_lite.v:116)
[EFX-0200 WARNING] Removing redundant signal : byte_index[21]. (C:\Efinity\Embedded\Lab5\axi4_lite.v:116)
[EFX-0200 WARNING] Removing redundant signal : byte_index[20]. (C:\Efinity\Embedded\Lab5\axi4_lite.v:116)
[EFX-0200 WARNING] Removing redundant signal : byte_index[19]. (C:\Efinity\Embedded\Lab5\axi4_lite.v:116)
[EFX-0200 WARNING] Removing redundant signal : byte_index[18]. (C:\Efinity\Embedded\Lab5\axi4_lite.v:116)
[EFX-0201 WARNING] Re-wiring to GND non-driven net 'IBusSimplePlugin_rspJoin_fetchRsp_isRvc'. (C:/Efinity/Embedded/Lab5\ip/soc\soc.v:7112)
[EFX-0201 WARNING] Re-wiring to GND non-driven net 'CsrPlugin_mtvec_mode[1]'. (C:/Efinity/Embedded/Lab5\ip/soc\soc.v:7201)
[EFX-0201 WARNING] Re-wiring to GND non-driven net 'CsrPlugin_mtvec_mode[0]'. (C:/Efinity/Embedded/Lab5\ip/soc\soc.v:7201)
[EFX-0201 WARNING] Re-wiring to GND non-driven net 'u_soc.io_apbSlave_0_PRDATA[31]'. (C:\Efinity\Embedded\Lab5\top.v:140)
[EFX-0201 WARNING] Re-wiring to GND non-driven net 'u_soc.io_apbSlave_0_PRDATA[30]'. (C:\Efinity\Embedded\Lab5\top.v:140)
[EFX-0201 WARNING] Re-wiring to GND non-driven net 'u_soc.io_apbSlave_0_PRDATA[29]'. (C:\Efinity\Embedded\Lab5\top.v:140)
[EFX-0201 WARNING] Re-wiring to GND non-driven net 'u_soc.io_apbSlave_0_PRDATA[28]'. (C:\Efinity\Embedded\Lab5\top.v:140)
[EFX-0201 WARNING] Re-wiring to GND non-driven net 'u_soc.io_apbSlave_0_PRDATA[27]'. (C:\Efinity\Embedded\Lab5\top.v:140)
[EFX-0201 WARNING] Re-wiring to GND non-driven net 'u_soc.io_apbSlave_0_PRDATA[26]'. (C:\Efinity\Embedded\Lab5\top.v:140)
[EFX-0201 WARNING] Re-wiring to GND non-driven net 'u_soc.io_apbSlave_0_PRDATA[25]'. (C:\Efinity\Embedded\Lab5\top.v:140)
[EFX-0657 WARNING] Mapping into logic memory block 'u_soc/u_EfxSapphireSoc/system_axiA_logic_bmbToAxiBridge/readCmdInfo_fifo/logic_ram' (16 bits) (C:/Efinity/Embedded/Lab5\ip/soc\soc.v:12348) because size is too small (<=64)
[EFX-0657 WARNING] Mapping into logic memory block 'u_soc/u_EfxSapphireSoc/system_axiA_logic_bmbToAxiBridge/writeCmdInfo_fifo/logic_ram' (16 bits) (C:/Efinity/Embedded/Lab5\ip/soc\soc.v:12348) because size is too small (<=64)
[EFX-0011 VERI-WARNING] Input/inout port jtag_inst1_UPDATE is unconnected and will be removed. (VDB-8003) (C:\Efinity\Embedded\Lab5\top.v:29)
[EFX-0011 VERI-WARNING] Input/inout port jtag_inst1_RESET is unconnected and will be removed. (VDB-8003) (C:\Efinity\Embedded\Lab5\top.v:30)

///////////////////////////////////
// Efinity Synthesis Started 
// Apr 04, 2025 21:41:44
///////////////////////////////////

[EFX-0011 VERI-WARNING] port 'io_apbSlave_0_PADDR' remains unconnected for this instance (VERI-1927) (C:\Efinity\Embedded\Lab5\top.v:218)
[EFX-0011 VERI-WARNING] port 'io_apbSlave_0_PRDATA' is not connected on this instance (VERI-2435) (C:\Efinity\Embedded\Lab5\top.v:218)
[EFX-0011 VERI-WARNING] expression size 32 truncated to fit in target size 1 (VERI-1209) (C:\Efinity\Embedded\Lab5\axi4_lite.v:404)
[EFX-0011 VERI-WARNING] expression size 32 truncated to fit in target size 1 (VERI-1209) (C:\Efinity\Embedded\Lab5\axi4_lite.v:405)
[EFX-0011 VERI-WARNING] expression size 32 truncated to fit in target size 1 (VERI-1209) (C:\Efinity\Embedded\Lab5\axi4_lite.v:406)
[EFX-0011 VERI-WARNING] expression size 32 truncated to fit in target size 1 (VERI-1209) (C:\Efinity\Embedded\Lab5\axi4_lite.v:407)
[EFX-0011 VERI-WARNING] actual bit length 32 differs from formal bit length 4 for port 'S_AXI_AWADDR' (VERI-1330) (C:\Efinity\Embedded\Lab5\top.v:111)
[EFX-0011 VERI-WARNING] actual bit length 32 differs from formal bit length 4 for port 'S_AXI_ARADDR' (VERI-1330) (C:\Efinity\Embedded\Lab5\top.v:122)
[EFX-0011 VERI-WARNING] net 'IBusSimplePlugin_rspJoin_fetchRsp_isRvc' does not have a driver (VDB-1002) (C:/Efinity/Embedded/Lab5\ip/soc\soc.v:7112)
[EFX-0011 VERI-WARNING] net 'CsrPlugin_mtvec_mode[1]' does not have a driver (VDB-1002) (C:/Efinity/Embedded/Lab5\ip/soc\soc.v:7201)
[EFX-0011 VERI-WARNING] system function call 'urandom' is not supported (VERI-1141) (C:/Efinity/Embedded/Lab5\ip/soc\soc.v:12588)
[EFX-0011 VERI-WARNING] system function call 'urandom' is not supported (VERI-1141) (C:/Efinity/Embedded/Lab5\ip/soc\soc.v:12589)
[EFX-0011 VERI-WARNING] system function call 'urandom' is not supported (VERI-1141) (C:/Efinity/Embedded/Lab5\ip/soc\soc.v:13356)
[EFX-0011 VERI-WARNING] system function call 'urandom' is not supported (VERI-1141) (C:/Efinity/Embedded/Lab5\ip/soc\soc.v:13357)
[EFX-0011 VERI-WARNING] net 'userInterruptA' does not have a driver (VDB-1002) (C:\Efinity\Embedded\Lab5\top.v:62)
[EFX-0011 VERI-WARNING] input port 'io_apbSlave_0_PRDATA[31]' remains unconnected for this instance (VDB-1053) (C:\Efinity\Embedded\Lab5\top.v:140)
[EFX-0200 WARNING] Removing redundant signal : S_AXI_AWPROT[2]. (C:\Efinity\Embedded\Lab5\axi4_lite.v:33)
[EFX-0200 WARNING] Removing redundant signal : S_AXI_AWPROT[1]. (C:\Efinity\Embedded\Lab5\axi4_lite.v:33)
[EFX-0200 WARNING] Removing redundant signal : S_AXI_AWPROT[0]. (C:\Efinity\Embedded\Lab5\axi4_lite.v:33)
[EFX-0200 WARNING] Removing redundant signal : S_AXI_ARPROT[2]. (C:\Efinity\Embedded\Lab5\axi4_lite.v:66)
[EFX-0200 WARNING] Removing redundant signal : S_AXI_ARPROT[1]. (C:\Efinity\Embedded\Lab5\axi4_lite.v:66)
[EFX-0200 WARNING] Removing redundant signal : S_AXI_ARPROT[0]. (C:\Efinity\Embedded\Lab5\axi4_lite.v:66)
[EFX-0200 WARNING] Removing redundant signal : byte_index[31]. (C:\Efinity\Embedded\Lab5\axi4_lite.v:116)
[EFX-0200 WARNING] Removing redundant signal : byte_index[30]. (C:\Efinity\Embedded\Lab5\axi4_lite.v:116)
[EFX-0200 WARNING] Removing redundant signal : byte_index[29]. (C:\Efinity\Embedded\Lab5\axi4_lite.v:116)
[EFX-0200 WARNING] Removing redundant signal : byte_index[28]. (C:\Efinity\Embedded\Lab5\axi4_lite.v:116)
[EFX-0200 WARNING] Removing redundant signal : byte_index[27]. (C:\Efinity\Embedded\Lab5\axi4_lite.v:116)
[EFX-0200 WARNING] Removing redundant signal : byte_index[26]. (C:\Efinity\Embedded\Lab5\axi4_lite.v:116)
[EFX-0200 WARNING] Removing redundant signal : byte_index[25]. (C:\Efinity\Embedded\Lab5\axi4_lite.v:116)
[EFX-0200 WARNING] Removing redundant signal : byte_index[24]. (C:\Efinity\Embedded\Lab5\axi4_lite.v:116)
[EFX-0200 WARNING] Removing redundant signal : byte_index[23]. (C:\Efinity\Embedded\Lab5\axi4_lite.v:116)
[EFX-0200 WARNING] Removing redundant signal : byte_index[22]. (C:\Efinity\Embedded\Lab5\axi4_lite.v:116)
[EFX-0200 WARNING] Removing redundant signal : byte_index[21]. (C:\Efinity\Embedded\Lab5\axi4_lite.v:116)
[EFX-0200 WARNING] Removing redundant signal : byte_index[20]. (C:\Efinity\Embedded\Lab5\axi4_lite.v:116)
[EFX-0200 WARNING] Removing redundant signal : byte_index[19]. (C:\Efinity\Embedded\Lab5\axi4_lite.v:116)
[EFX-0200 WARNING] Removing redundant signal : byte_index[18]. (C:\Efinity\Embedded\Lab5\axi4_lite.v:116)
[EFX-0201 WARNING] Re-wiring to GND non-driven net 'IBusSimplePlugin_rspJoin_fetchRsp_isRvc'. (C:/Efinity/Embedded/Lab5\ip/soc\soc.v:7112)
[EFX-0201 WARNING] Re-wiring to GND non-driven net 'CsrPlugin_mtvec_mode[1]'. (C:/Efinity/Embedded/Lab5\ip/soc\soc.v:7201)
[EFX-0201 WARNING] Re-wiring to GND non-driven net 'CsrPlugin_mtvec_mode[0]'. (C:/Efinity/Embedded/Lab5\ip/soc\soc.v:7201)
[EFX-0201 WARNING] Re-wiring to GND non-driven net 'u_soc.io_apbSlave_0_PRDATA[31]'. (C:\Efinity\Embedded\Lab5\top.v:140)
[EFX-0201 WARNING] Re-wiring to GND non-driven net 'u_soc.io_apbSlave_0_PRDATA[30]'. (C:\Efinity\Embedded\Lab5\top.v:140)
[EFX-0201 WARNING] Re-wiring to GND non-driven net 'u_soc.io_apbSlave_0_PRDATA[29]'. (C:\Efinity\Embedded\Lab5\top.v:140)
[EFX-0201 WARNING] Re-wiring to GND non-driven net 'u_soc.io_apbSlave_0_PRDATA[28]'. (C:\Efinity\Embedded\Lab5\top.v:140)
[EFX-0201 WARNING] Re-wiring to GND non-driven net 'u_soc.io_apbSlave_0_PRDATA[27]'. (C:\Efinity\Embedded\Lab5\top.v:140)
[EFX-0201 WARNING] Re-wiring to GND non-driven net 'u_soc.io_apbSlave_0_PRDATA[26]'. (C:\Efinity\Embedded\Lab5\top.v:140)
[EFX-0201 WARNING] Re-wiring to GND non-driven net 'u_soc.io_apbSlave_0_PRDATA[25]'. (C:\Efinity\Embedded\Lab5\top.v:140)
[EFX-0657 WARNING] Mapping into logic memory block 'u_soc/u_EfxSapphireSoc/system_axiA_logic_bmbToAxiBridge/readCmdInfo_fifo/logic_ram' (16 bits) (C:/Efinity/Embedded/Lab5\ip/soc\soc.v:12348) because size is too small (<=64)
[EFX-0657 WARNING] Mapping into logic memory block 'u_soc/u_EfxSapphireSoc/system_axiA_logic_bmbToAxiBridge/writeCmdInfo_fifo/logic_ram' (16 bits) (C:/Efinity/Embedded/Lab5\ip/soc\soc.v:12348) because size is too small (<=64)
[EFX-0011 VERI-WARNING] Input/inout port jtag_inst1_UPDATE is unconnected and will be removed. (VDB-8003) (C:\Efinity\Embedded\Lab5\top.v:29)
[EFX-0011 VERI-WARNING] Input/inout port jtag_inst1_RESET is unconnected and will be removed. (VDB-8003) (C:\Efinity\Embedded\Lab5\top.v:30)

///////////////////////////////////
// Efinity Synthesis Started 
// Apr 04, 2025 22:00:16
///////////////////////////////////

[EFX-0011 VERI-WARNING] port 'io_apbSlave_0_PADDR' remains unconnected for this instance (VERI-1927) (C:\Efinity\Embedded\Lab6\top.v:220)
[EFX-0011 VERI-WARNING] port 'io_apbSlave_0_PRDATA' is not connected on this instance (VERI-2435) (C:\Efinity\Embedded\Lab6\top.v:220)
[EFX-0011 VERI-WARNING] actual bit length 32 differs from formal bit length 4 for port 'S_AXI_AWADDR' (VERI-1330) (C:\Efinity\Embedded\Lab6\top.v:112)
[EFX-0011 VERI-WARNING] actual bit length 32 differs from formal bit length 4 for port 'S_AXI_ARADDR' (VERI-1330) (C:\Efinity\Embedded\Lab6\top.v:123)
[EFX-0011 VERI-WARNING] net 'IBusSimplePlugin_rspJoin_fetchRsp_isRvc' does not have a driver (VDB-1002) (C:/Efinity/Embedded/Lab6\ip/soc\soc.v:7112)
[EFX-0011 VERI-WARNING] net 'CsrPlugin_mtvec_mode[1]' does not have a driver (VDB-1002) (C:/Efinity/Embedded/Lab6\ip/soc\soc.v:7201)
[EFX-0011 VERI-WARNING] system function call 'urandom' is not supported (VERI-1141) (C:/Efinity/Embedded/Lab6\ip/soc\soc.v:12588)
[EFX-0011 VERI-WARNING] system function call 'urandom' is not supported (VERI-1141) (C:/Efinity/Embedded/Lab6\ip/soc\soc.v:12589)
[EFX-0011 VERI-WARNING] system function call 'urandom' is not supported (VERI-1141) (C:/Efinity/Embedded/Lab6\ip/soc\soc.v:13356)
[EFX-0011 VERI-WARNING] system function call 'urandom' is not supported (VERI-1141) (C:/Efinity/Embedded/Lab6\ip/soc\soc.v:13357)
[EFX-0011 VERI-WARNING] net 'userInterruptA' does not have a driver (VDB-1002) (C:\Efinity\Embedded\Lab6\top.v:63)
[EFX-0011 VERI-WARNING] input port 'io_apbSlave_0_PRDATA[31]' remains unconnected for this instance (VDB-1053) (C:\Efinity\Embedded\Lab6\top.v:142)
[EFX-0200 WARNING] Removing redundant signal : S_AXI_AWPROT[2]. (C:\Efinity\Embedded\Lab6\axi4_lite_led_button.v:33)
[EFX-0200 WARNING] Removing redundant signal : S_AXI_AWPROT[1]. (C:\Efinity\Embedded\Lab6\axi4_lite_led_button.v:33)
[EFX-0200 WARNING] Removing redundant signal : S_AXI_AWPROT[0]. (C:\Efinity\Embedded\Lab6\axi4_lite_led_button.v:33)
[EFX-0200 WARNING] Removing redundant signal : S_AXI_ARPROT[2]. (C:\Efinity\Embedded\Lab6\axi4_lite_led_button.v:66)
[EFX-0200 WARNING] Removing redundant signal : S_AXI_ARPROT[1]. (C:\Efinity\Embedded\Lab6\axi4_lite_led_button.v:66)
[EFX-0200 WARNING] Removing redundant signal : S_AXI_ARPROT[0]. (C:\Efinity\Embedded\Lab6\axi4_lite_led_button.v:66)
[EFX-0200 WARNING] Removing redundant signal : byte_index[31]. (C:\Efinity\Embedded\Lab6\axi4_lite_led_button.v:116)
[EFX-0200 WARNING] Removing redundant signal : byte_index[30]. (C:\Efinity\Embedded\Lab6\axi4_lite_led_button.v:116)
[EFX-0200 WARNING] Removing redundant signal : byte_index[29]. (C:\Efinity\Embedded\Lab6\axi4_lite_led_button.v:116)
[EFX-0200 WARNING] Removing redundant signal : byte_index[28]. (C:\Efinity\Embedded\Lab6\axi4_lite_led_button.v:116)
[EFX-0200 WARNING] Removing redundant signal : byte_index[27]. (C:\Efinity\Embedded\Lab6\axi4_lite_led_button.v:116)
[EFX-0200 WARNING] Removing redundant signal : byte_index[26]. (C:\Efinity\Embedded\Lab6\axi4_lite_led_button.v:116)
[EFX-0200 WARNING] Removing redundant signal : byte_index[25]. (C:\Efinity\Embedded\Lab6\axi4_lite_led_button.v:116)
[EFX-0200 WARNING] Removing redundant signal : byte_index[24]. (C:\Efinity\Embedded\Lab6\axi4_lite_led_button.v:116)
[EFX-0200 WARNING] Removing redundant signal : byte_index[23]. (C:\Efinity\Embedded\Lab6\axi4_lite_led_button.v:116)
[EFX-0200 WARNING] Removing redundant signal : byte_index[22]. (C:\Efinity\Embedded\Lab6\axi4_lite_led_button.v:116)
[EFX-0200 WARNING] Removing redundant signal : byte_index[21]. (C:\Efinity\Embedded\Lab6\axi4_lite_led_button.v:116)
[EFX-0200 WARNING] Removing redundant signal : byte_index[20]. (C:\Efinity\Embedded\Lab6\axi4_lite_led_button.v:116)
[EFX-0200 WARNING] Removing redundant signal : byte_index[19]. (C:\Efinity\Embedded\Lab6\axi4_lite_led_button.v:116)
[EFX-0200 WARNING] Removing redundant signal : byte_index[18]. (C:\Efinity\Embedded\Lab6\axi4_lite_led_button.v:116)
[EFX-0201 WARNING] Re-wiring to GND non-driven net 'IBusSimplePlugin_rspJoin_fetchRsp_isRvc'. (C:/Efinity/Embedded/Lab6\ip/soc\soc.v:7112)
[EFX-0201 WARNING] Re-wiring to GND non-driven net 'CsrPlugin_mtvec_mode[1]'. (C:/Efinity/Embedded/Lab6\ip/soc\soc.v:7201)
[EFX-0201 WARNING] Re-wiring to GND non-driven net 'CsrPlugin_mtvec_mode[0]'. (C:/Efinity/Embedded/Lab6\ip/soc\soc.v:7201)
[EFX-0201 WARNING] Re-wiring to GND non-driven net 'u_soc.io_apbSlave_0_PRDATA[31]'. (C:\Efinity\Embedded\Lab6\top.v:142)
[EFX-0201 WARNING] Re-wiring to GND non-driven net 'u_soc.io_apbSlave_0_PRDATA[30]'. (C:\Efinity\Embedded\Lab6\top.v:142)
[EFX-0201 WARNING] Re-wiring to GND non-driven net 'u_soc.io_apbSlave_0_PRDATA[29]'. (C:\Efinity\Embedded\Lab6\top.v:142)
[EFX-0201 WARNING] Re-wiring to GND non-driven net 'u_soc.io_apbSlave_0_PRDATA[28]'. (C:\Efinity\Embedded\Lab6\top.v:142)
[EFX-0201 WARNING] Re-wiring to GND non-driven net 'u_soc.io_apbSlave_0_PRDATA[27]'. (C:\Efinity\Embedded\Lab6\top.v:142)
[EFX-0201 WARNING] Re-wiring to GND non-driven net 'u_soc.io_apbSlave_0_PRDATA[26]'. (C:\Efinity\Embedded\Lab6\top.v:142)
[EFX-0201 WARNING] Re-wiring to GND non-driven net 'u_soc.io_apbSlave_0_PRDATA[25]'. (C:\Efinity\Embedded\Lab6\top.v:142)
[EFX-0657 WARNING] Mapping into logic memory block 'u_soc/u_EfxSapphireSoc/system_axiA_logic_bmbToAxiBridge/readCmdInfo_fifo/logic_ram' (16 bits) (C:/Efinity/Embedded/Lab6\ip/soc\soc.v:12348) because size is too small (<=64)
[EFX-0657 WARNING] Mapping into logic memory block 'u_soc/u_EfxSapphireSoc/system_axiA_logic_bmbToAxiBridge/writeCmdInfo_fifo/logic_ram' (16 bits) (C:/Efinity/Embedded/Lab6\ip/soc\soc.v:12348) because size is too small (<=64)
[EFX-0011 VERI-WARNING] Input/inout port jtag_inst1_UPDATE is unconnected and will be removed. (VDB-8003) (C:\Efinity\Embedded\Lab6\top.v:29)
[EFX-0011 VERI-WARNING] Input/inout port jtag_inst1_RESET is unconnected and will be removed. (VDB-8003) (C:\Efinity\Embedded\Lab6\top.v:30)
