
///////////////////////////////////
// Efinity Synthesis Started 
// Apr 04, 2025 21:39:48
///////////////////////////////////

[EFX-0011 VERI-WARNING] port 'io_apbSlave_0_PADDR' remains unconnected for this instance (VERI-1927) (C:\Efinity\Embedded\Lab5\top.v:218)
[EFX-0011 VERI-WARNING] port 'io_apbSlave_0_PRDATA' is not connected on this instance (VERI-2435) (C:\Efinity\Embedded\Lab5\top.v:218)
[EFX-0011 VERI-WARNING] expression size 32 truncated to fit in target size 1 (VERI-1209) (C:\Efinity\Embedded\Lab5\axi4_lite.v:404)
[EFX-0011 VERI-WARNING] expression size 32 truncated to fit in target size 1 (VERI-1209) (C:\Efinity\Embedded\Lab5\axi4_lite.v:405)
[EFX-0011 VERI-WARNING] expression size 32 truncated to fit in target size 1 (VERI-1209) (C:\Efinity\Embedded\Lab5\axi4_lite.v:406)
[EFX-0011 VERI-WARNING] expression size 32 truncated to fit in target size 1 (VERI-1209) (C:\Efinity\Embedded\Lab5\axi4_lite.v:407)
[EFX-0011 VERI-WARNING] actual bit length 32 differs from formal bit length 4 for port 'S_AXI_AWADDR' (VERI-1330) (C:\Efinity\Embedded\Lab5\top.v:111)
[EFX-0011 VERI-WARNING] actual bit length 32 differs from formal bit length 4 for port 'S_AXI_ARADDR' (VERI-1330) (C:\Efinity\Embedded\Lab5\top.v:122)
[EFX-0011 VERI-WARNING] net 'IBusSimplePlugin_rspJoin_fetchRsp_isRvc' does not have a driver (VDB-1002) (C:/Efinity/Embedded/Lab5\ip/soc\soc.v:7112)
[EFX-0011 VERI-WARNING] net 'CsrPlugin_mtvec_mode[1]' does not have a driver (VDB-1002) (C:/Efinity/Embedded/Lab5\ip/soc\soc.v:7201)
[EFX-0011 VERI-WARNING] system function call 'urandom' is not supported (VERI-1141) (C:/Efinity/Embedded/Lab5\ip/soc\soc.v:12588)
[EFX-0011 VERI-WARNING] system function call 'urandom' is not supported (VERI-1141) (C:/Efinity/Embedded/Lab5\ip/soc\soc.v:12589)
[EFX-0011 VERI-WARNING] system function call 'urandom' is not supported (VERI-1141) (C:/Efinity/Embedded/Lab5\ip/soc\soc.v:13356)
[EFX-0011 VERI-WARNING] system function call 'urandom' is not supported (VERI-1141) (C:/Efinity/Embedded/Lab5\ip/soc\soc.v:13357)
[EFX-0011 VERI-WARNING] net 'userInterruptA' does not have a driver (VDB-1002) (C:\Efinity\Embedded\Lab5\top.v:62)
[EFX-0011 VERI-WARNING] input port 'io_apbSlave_0_PRDATA[31]' remains unconnected for this instance (VDB-1053) (C:\Efinity\Embedded\Lab5\top.v:140)
[EFX-0200 WARNING] Removing redundant signal : S_AXI_AWPROT[2]. (C:\Efinity\Embedded\Lab5\axi4_lite.v:33)
[EFX-0200 WARNING] Removing redundant signal : S_AXI_AWPROT[1]. (C:\Efinity\Embedded\Lab5\axi4_lite.v:33)
[EFX-0200 WARNING] Removing redundant signal : S_AXI_AWPROT[0]. (C:\Efinity\Embedded\Lab5\axi4_lite.v:33)
[EFX-0200 WARNING] Removing redundant signal : S_AXI_ARPROT[2]. (C:\Efinity\Embedded\Lab5\axi4_lite.v:66)
[EFX-0200 WARNING] Removing redundant signal : S_AXI_ARPROT[1]. (C:\Efinity\Embedded\Lab5\axi4_lite.v:66)
[EFX-0200 WARNING] Removing redundant signal : S_AXI_ARPROT[0]. (C:\Efinity\Embedded\Lab5\axi4_lite.v:66)
[EFX-0200 WARNING] Removing redundant signal : byte_index[31]. (C:\Efinity\Embedded\Lab5\axi4_lite.v:116)
[EFX-0200 WARNING] Removing redundant signal : byte_index[30]. (C:\Efinity\Embedded\Lab5\axi4_lite.v:116)
[EFX-0200 WARNING] Removing redundant signal : byte_index[29]. (C:\Efinity\Embedded\Lab5\axi4_lite.v:116)
[EFX-0200 WARNING] Removing redundant signal : byte_index[28]. (C:\Efinity\Embedded\Lab5\axi4_lite.v:116)
[EFX-0200 WARNING] Removing redundant signal : byte_index[27]. (C:\Efinity\Embedded\Lab5\axi4_lite.v:116)
[EFX-0200 WARNING] Removing redundant signal : byte_index[26]. (C:\Efinity\Embedded\Lab5\axi4_lite.v:116)
[EFX-0200 WARNING] Removing redundant signal : byte_index[25]. (C:\Efinity\Embedded\Lab5\axi4_lite.v:116)
[EFX-0200 WARNING] Removing redundant signal : byte_index[24]. (C:\Efinity\Embedded\Lab5\axi4_lite.v:116)
[EFX-0200 WARNING] Removing redundant signal : byte_index[23]. (C:\Efinity\Embedded\Lab5\axi4_lite.v:116)
[EFX-0200 WARNING] Removing redundant signal : byte_index[22]. (C:\Efinity\Embedded\Lab5\axi4_lite.v:116)
[EFX-0200 WARNING] Removing redundant signal : byte_index[21]. (C:\Efinity\Embedded\Lab5\axi4_lite.v:116)
[EFX-0200 WARNING] Removing redundant signal : byte_index[20]. (C:\Efinity\Embedded\Lab5\axi4_lite.v:116)
[EFX-0200 WARNING] Removing redundant signal : byte_index[19]. (C:\Efinity\Embedded\Lab5\axi4_lite.v:116)
[EFX-0200 WARNING] Removing redundant signal : byte_index[18]. (C:\Efinity\Embedded\Lab5\axi4_lite.v:116)
[EFX-0201 WARNING] Re-wiring to GND non-driven net 'IBusSimplePlugin_rspJoin_fetchRsp_isRvc'. (C:/Efinity/Embedded/Lab5\ip/soc\soc.v:7112)
[EFX-0201 WARNING] Re-wiring to GND non-driven net 'CsrPlugin_mtvec_mode[1]'. (C:/Efinity/Embedded/Lab5\ip/soc\soc.v:7201)
[EFX-0201 WARNING] Re-wiring to GND non-driven net 'CsrPlugin_mtvec_mode[0]'. (C:/Efinity/Embedded/Lab5\ip/soc\soc.v:7201)
[EFX-0201 WARNING] Re-wiring to GND non-driven net 'u_soc.io_apbSlave_0_PRDATA[31]'. (C:\Efinity\Embedded\Lab5\top.v:140)
[EFX-0201 WARNING] Re-wiring to GND non-driven net 'u_soc.io_apbSlave_0_PRDATA[30]'. (C:\Efinity\Embedded\Lab5\top.v:140)
[EFX-0201 WARNING] Re-wiring to GND non-driven net 'u_soc.io_apbSlave_0_PRDATA[29]'. (C:\Efinity\Embedded\Lab5\top.v:140)
[EFX-0201 WARNING] Re-wiring to GND non-driven net 'u_soc.io_apbSlave_0_PRDATA[28]'. (C:\Efinity\Embedded\Lab5\top.v:140)
[EFX-0201 WARNING] Re-wiring to GND non-driven net 'u_soc.io_apbSlave_0_PRDATA[27]'. (C:\Efinity\Embedded\Lab5\top.v:140)
[EFX-0201 WARNING] Re-wiring to GND non-driven net 'u_soc.io_apbSlave_0_PRDATA[26]'. (C:\Efinity\Embedded\Lab5\top.v:140)
[EFX-0201 WARNING] Re-wiring to GND non-driven net 'u_soc.io_apbSlave_0_PRDATA[25]'. (C:\Efinity\Embedded\Lab5\top.v:140)
[EFX-0657 WARNING] Mapping into logic memory block 'u_soc/u_EfxSapphireSoc/system_axiA_logic_bmbToAxiBridge/readCmdInfo_fifo/logic_ram' (16 bits) (C:/Efinity/Embedded/Lab5\ip/soc\soc.v:12348) because size is too small (<=64)
[EFX-0657 WARNING] Mapping into logic memory block 'u_soc/u_EfxSapphireSoc/system_axiA_logic_bmbToAxiBridge/writeCmdInfo_fifo/logic_ram' (16 bits) (C:/Efinity/Embedded/Lab5\ip/soc\soc.v:12348) because size is too small (<=64)
[EFX-0011 VERI-WARNING] Input/inout port jtag_inst1_UPDATE is unconnected and will be removed. (VDB-8003) (C:\Efinity\Embedded\Lab5\top.v:29)
[EFX-0011 VERI-WARNING] Input/inout port jtag_inst1_RESET is unconnected and will be removed. (VDB-8003) (C:\Efinity\Embedded\Lab5\top.v:30)

///////////////////////////////////
// Efinity Synthesis Started 
// Apr 04, 2025 21:41:44
///////////////////////////////////

[EFX-0011 VERI-WARNING] port 'io_apbSlave_0_PADDR' remains unconnected for this instance (VERI-1927) (C:\Efinity\Embedded\Lab5\top.v:218)
[EFX-0011 VERI-WARNING] port 'io_apbSlave_0_PRDATA' is not connected on this instance (VERI-2435) (C:\Efinity\Embedded\Lab5\top.v:218)
[EFX-0011 VERI-WARNING] expression size 32 truncated to fit in target size 1 (VERI-1209) (C:\Efinity\Embedded\Lab5\axi4_lite.v:404)
[EFX-0011 VERI-WARNING] expression size 32 truncated to fit in target size 1 (VERI-1209) (C:\Efinity\Embedded\Lab5\axi4_lite.v:405)
[EFX-0011 VERI-WARNING] expression size 32 truncated to fit in target size 1 (VERI-1209) (C:\Efinity\Embedded\Lab5\axi4_lite.v:406)
[EFX-0011 VERI-WARNING] expression size 32 truncated to fit in target size 1 (VERI-1209) (C:\Efinity\Embedded\Lab5\axi4_lite.v:407)
[EFX-0011 VERI-WARNING] actual bit length 32 differs from formal bit length 4 for port 'S_AXI_AWADDR' (VERI-1330) (C:\Efinity\Embedded\Lab5\top.v:111)
[EFX-0011 VERI-WARNING] actual bit length 32 differs from formal bit length 4 for port 'S_AXI_ARADDR' (VERI-1330) (C:\Efinity\Embedded\Lab5\top.v:122)
[EFX-0011 VERI-WARNING] net 'IBusSimplePlugin_rspJoin_fetchRsp_isRvc' does not have a driver (VDB-1002) (C:/Efinity/Embedded/Lab5\ip/soc\soc.v:7112)
[EFX-0011 VERI-WARNING] net 'CsrPlugin_mtvec_mode[1]' does not have a driver (VDB-1002) (C:/Efinity/Embedded/Lab5\ip/soc\soc.v:7201)
[EFX-0011 VERI-WARNING] system function call 'urandom' is not supported (VERI-1141) (C:/Efinity/Embedded/Lab5\ip/soc\soc.v:12588)
[EFX-0011 VERI-WARNING] system function call 'urandom' is not supported (VERI-1141) (C:/Efinity/Embedded/Lab5\ip/soc\soc.v:12589)
[EFX-0011 VERI-WARNING] system function call 'urandom' is not supported (VERI-1141) (C:/Efinity/Embedded/Lab5\ip/soc\soc.v:13356)
[EFX-0011 VERI-WARNING] system function call 'urandom' is not supported (VERI-1141) (C:/Efinity/Embedded/Lab5\ip/soc\soc.v:13357)
[EFX-0011 VERI-WARNING] net 'userInterruptA' does not have a driver (VDB-1002) (C:\Efinity\Embedded\Lab5\top.v:62)
[EFX-0011 VERI-WARNING] input port 'io_apbSlave_0_PRDATA[31]' remains unconnected for this instance (VDB-1053) (C:\Efinity\Embedded\Lab5\top.v:140)
[EFX-0200 WARNING] Removing redundant signal : S_AXI_AWPROT[2]. (C:\Efinity\Embedded\Lab5\axi4_lite.v:33)
[EFX-0200 WARNING] Removing redundant signal : S_AXI_AWPROT[1]. (C:\Efinity\Embedded\Lab5\axi4_lite.v:33)
[EFX-0200 WARNING] Removing redundant signal : S_AXI_AWPROT[0]. (C:\Efinity\Embedded\Lab5\axi4_lite.v:33)
[EFX-0200 WARNING] Removing redundant signal : S_AXI_ARPROT[2]. (C:\Efinity\Embedded\Lab5\axi4_lite.v:66)
[EFX-0200 WARNING] Removing redundant signal : S_AXI_ARPROT[1]. (C:\Efinity\Embedded\Lab5\axi4_lite.v:66)
[EFX-0200 WARNING] Removing redundant signal : S_AXI_ARPROT[0]. (C:\Efinity\Embedded\Lab5\axi4_lite.v:66)
[EFX-0200 WARNING] Removing redundant signal : byte_index[31]. (C:\Efinity\Embedded\Lab5\axi4_lite.v:116)
[EFX-0200 WARNING] Removing redundant signal : byte_index[30]. (C:\Efinity\Embedded\Lab5\axi4_lite.v:116)
[EFX-0200 WARNING] Removing redundant signal : byte_index[29]. (C:\Efinity\Embedded\Lab5\axi4_lite.v:116)
[EFX-0200 WARNING] Removing redundant signal : byte_index[28]. (C:\Efinity\Embedded\Lab5\axi4_lite.v:116)
[EFX-0200 WARNING] Removing redundant signal : byte_index[27]. (C:\Efinity\Embedded\Lab5\axi4_lite.v:116)
[EFX-0200 WARNING] Removing redundant signal : byte_index[26]. (C:\Efinity\Embedded\Lab5\axi4_lite.v:116)
[EFX-0200 WARNING] Removing redundant signal : byte_index[25]. (C:\Efinity\Embedded\Lab5\axi4_lite.v:116)
[EFX-0200 WARNING] Removing redundant signal : byte_index[24]. (C:\Efinity\Embedded\Lab5\axi4_lite.v:116)
[EFX-0200 WARNING] Removing redundant signal : byte_index[23]. (C:\Efinity\Embedded\Lab5\axi4_lite.v:116)
[EFX-0200 WARNING] Removing redundant signal : byte_index[22]. (C:\Efinity\Embedded\Lab5\axi4_lite.v:116)
[EFX-0200 WARNING] Removing redundant signal : byte_index[21]. (C:\Efinity\Embedded\Lab5\axi4_lite.v:116)
[EFX-0200 WARNING] Removing redundant signal : byte_index[20]. (C:\Efinity\Embedded\Lab5\axi4_lite.v:116)
[EFX-0200 WARNING] Removing redundant signal : byte_index[19]. (C:\Efinity\Embedded\Lab5\axi4_lite.v:116)
[EFX-0200 WARNING] Removing redundant signal : byte_index[18]. (C:\Efinity\Embedded\Lab5\axi4_lite.v:116)
[EFX-0201 WARNING] Re-wiring to GND non-driven net 'IBusSimplePlugin_rspJoin_fetchRsp_isRvc'. (C:/Efinity/Embedded/Lab5\ip/soc\soc.v:7112)
[EFX-0201 WARNING] Re-wiring to GND non-driven net 'CsrPlugin_mtvec_mode[1]'. (C:/Efinity/Embedded/Lab5\ip/soc\soc.v:7201)
[EFX-0201 WARNING] Re-wiring to GND non-driven net 'CsrPlugin_mtvec_mode[0]'. (C:/Efinity/Embedded/Lab5\ip/soc\soc.v:7201)
[EFX-0201 WARNING] Re-wiring to GND non-driven net 'u_soc.io_apbSlave_0_PRDATA[31]'. (C:\Efinity\Embedded\Lab5\top.v:140)
[EFX-0201 WARNING] Re-wiring to GND non-driven net 'u_soc.io_apbSlave_0_PRDATA[30]'. (C:\Efinity\Embedded\Lab5\top.v:140)
[EFX-0201 WARNING] Re-wiring to GND non-driven net 'u_soc.io_apbSlave_0_PRDATA[29]'. (C:\Efinity\Embedded\Lab5\top.v:140)
[EFX-0201 WARNING] Re-wiring to GND non-driven net 'u_soc.io_apbSlave_0_PRDATA[28]'. (C:\Efinity\Embedded\Lab5\top.v:140)
[EFX-0201 WARNING] Re-wiring to GND non-driven net 'u_soc.io_apbSlave_0_PRDATA[27]'. (C:\Efinity\Embedded\Lab5\top.v:140)
[EFX-0201 WARNING] Re-wiring to GND non-driven net 'u_soc.io_apbSlave_0_PRDATA[26]'. (C:\Efinity\Embedded\Lab5\top.v:140)
[EFX-0201 WARNING] Re-wiring to GND non-driven net 'u_soc.io_apbSlave_0_PRDATA[25]'. (C:\Efinity\Embedded\Lab5\top.v:140)
[EFX-0657 WARNING] Mapping into logic memory block 'u_soc/u_EfxSapphireSoc/system_axiA_logic_bmbToAxiBridge/readCmdInfo_fifo/logic_ram' (16 bits) (C:/Efinity/Embedded/Lab5\ip/soc\soc.v:12348) because size is too small (<=64)
[EFX-0657 WARNING] Mapping into logic memory block 'u_soc/u_EfxSapphireSoc/system_axiA_logic_bmbToAxiBridge/writeCmdInfo_fifo/logic_ram' (16 bits) (C:/Efinity/Embedded/Lab5\ip/soc\soc.v:12348) because size is too small (<=64)
[EFX-0011 VERI-WARNING] Input/inout port jtag_inst1_UPDATE is unconnected and will be removed. (VDB-8003) (C:\Efinity\Embedded\Lab5\top.v:29)
[EFX-0011 VERI-WARNING] Input/inout port jtag_inst1_RESET is unconnected and will be removed. (VDB-8003) (C:\Efinity\Embedded\Lab5\top.v:30)

///////////////////////////////////
// Efinity Synthesis Started 
// Apr 05, 2025 23:11:05
///////////////////////////////////

[EFX-0011 VERI-WARNING] redeclaration of ANSI port 'select' is not allowed (VERI-1372) (C:\Efinity\Embedded\Lab7\top.v:74)
[EFX-0011 VERI-WARNING] port 'select' remains unconnected for this instance (VERI-1927) (C:\Efinity\Embedded\Lab7\top.v:173)
[EFX-0011 VERI-WARNING] port 'io_apbSlave_0_PADDR' remains unconnected for this instance (VERI-1927) (C:\Efinity\Embedded\Lab7\top.v:260)
[EFX-0011 VERI-WARNING] port 'io_apbSlave_0_PRDATA' is not connected on this instance (VERI-2435) (C:\Efinity\Embedded\Lab7\top.v:260)
[EFX-0011 VERI-WARNING] port 'probe10' remains unconnected for this instance (VERI-1927) (C:\Efinity\Embedded\Lab7\debug_top.v:149)
[EFX-0011 VERI-WARNING] expression size 256 truncated to fit in target size 64 (VERI-1209) (C:\Efinity\Embedded\Lab7\debug_top.v:5210)
[EFX-0011 VERI-WARNING] net 'probe_in_sync[0]' does not have a driver (VDB-1002) (C:\Efinity\Embedded\Lab7\debug_top.v:1314)
[EFX-0011 VERI-WARNING] net 'probe_in_sync_2d[0][15]' does not have a driver (VDB-1002) (C:\Efinity\Embedded\Lab7\debug_top.v:1884)
[EFX-0011 VERI-WARNING] input port 'probe10[0]' remains unconnected for this instance (VDB-1053) (C:\Efinity\Embedded\Lab7\debug_top.v:119)
[EFX-0011 VERI-WARNING] expression size 32 truncated to fit in target size 1 (VERI-1209) (C:\Efinity\Embedded\Lab7\axi4_lite.v:408)
[EFX-0011 VERI-WARNING] actual bit length 32 differs from formal bit length 4 for port 'S_AXI_AWADDR' (VERI-1330) (C:\Efinity\Embedded\Lab7\top.v:152)
[EFX-0011 VERI-WARNING] actual bit length 32 differs from formal bit length 4 for port 'S_AXI_ARADDR' (VERI-1330) (C:\Efinity\Embedded\Lab7\top.v:163)
[EFX-0011 VERI-WARNING] net 'IBusSimplePlugin_rspJoin_fetchRsp_isRvc' does not have a driver (VDB-1002) (C:/Efinity/Embedded/Lab7\ip/soc\soc.v:7112)
[EFX-0011 VERI-WARNING] net 'CsrPlugin_mtvec_mode[1]' does not have a driver (VDB-1002) (C:/Efinity/Embedded/Lab7\ip/soc\soc.v:7201)
[EFX-0011 VERI-WARNING] system function call 'urandom' is not supported (VERI-1141) (C:/Efinity/Embedded/Lab7\ip/soc\soc.v:12588)
[EFX-0011 VERI-WARNING] system function call 'urandom' is not supported (VERI-1141) (C:/Efinity/Embedded/Lab7\ip/soc\soc.v:12589)
[EFX-0011 VERI-WARNING] system function call 'urandom' is not supported (VERI-1141) (C:/Efinity/Embedded/Lab7\ip/soc\soc.v:13356)
[EFX-0011 VERI-WARNING] system function call 'urandom' is not supported (VERI-1141) (C:/Efinity/Embedded/Lab7\ip/soc\soc.v:13357)
[EFX-0011 VERI-WARNING] net 'userInterruptA' does not have a driver (VDB-1002) (C:\Efinity\Embedded\Lab7\top.v:76)
[EFX-0011 VERI-WARNING] net 'jtag_inst2_DRCK' does not have a driver (VDB-1002) (C:\Efinity\Embedded\Lab7\top.v:122)
[EFX-0011 VERI-WARNING] net 'jtag_inst2_RUNTEST' does not have a driver (VDB-1002) (C:\Efinity\Embedded\Lab7\top.v:124)
[EFX-0011 VERI-WARNING] net 'jtag_inst2_TMS' does not have a driver (VDB-1002) (C:\Efinity\Embedded\Lab7\top.v:129)
[EFX-0011 VERI-WARNING] input port 'io_apbSlave_0_PRDATA[31]' remains unconnected for this instance (VDB-1053) (C:\Efinity\Embedded\Lab7\top.v:182)
[EFX-0200 WARNING] Removing redundant signal : compared_in[0]. (C:\Efinity\Embedded\Lab7\debug_top.v:7080)
[EFX-0200 WARNING] Removing redundant signal : mask_in[0]. (C:\Efinity\Embedded\Lab7\debug_top.v:7081)
[EFX-0200 WARNING] Removing redundant signal : trigger_in. (C:\Efinity\Embedded\Lab7\debug_top.v:7291)
[EFX-0200 WARNING] Removing redundant signal : din[25]. (C:\Efinity\Embedded\Lab7\debug_top.v:6183)
[EFX-0200 WARNING] Removing redundant signal : trig_out. (C:\Efinity\Embedded\Lab7\debug_top.v:6462)
[EFX-0200 WARNING] Removing redundant signal : trig_out_ack. (C:\Efinity\Embedded\Lab7\debug_top.v:6463)
[EFX-0200 WARNING] Removing redundant signal : bscan_DRCK. (C:\Efinity\Embedded\Lab7\debug_top.v:2647)
[EFX-0200 WARNING] Removing redundant signal : bscan_RUNTEST. (C:\Efinity\Embedded\Lab7\debug_top.v:2649)
[EFX-0200 WARNING] Removing redundant signal : bscan_SEL. (C:\Efinity\Embedded\Lab7\debug_top.v:2650)
[EFX-0200 WARNING] Removing redundant signal : bscan_TMS. (C:\Efinity\Embedded\Lab7\debug_top.v:2654)
[EFX-0200 WARNING] Removing redundant signal : trig_in_ack. (C:\Efinity\Embedded\Lab7\debug_top.v:2665)
[EFX-0200 WARNING] Removing redundant signal : mux_capture_cmp[9]. (C:\Efinity\Embedded\Lab7\debug_top.v:5071)
[EFX-0200 WARNING] Removing redundant signal : mux_capture_cmp[8]. (C:\Efinity\Embedded\Lab7\debug_top.v:5071)
[EFX-0200 WARNING] Removing redundant signal : mux_capture_cmp[7]. (C:\Efinity\Embedded\Lab7\debug_top.v:5071)
[EFX-0200 WARNING] Removing redundant signal : mux_capture_cmp[6]. (C:\Efinity\Embedded\Lab7\debug_top.v:5071)
[EFX-0200 WARNING] Removing redundant signal : mux_capture_cmp[5]. (C:\Efinity\Embedded\Lab7\debug_top.v:5071)
[EFX-0200 WARNING] Removing redundant signal : mux_capture_cmp[4]. (C:\Efinity\Embedded\Lab7\debug_top.v:5071)
[EFX-0200 WARNING] Removing redundant signal : mux_capture_cmp[3]. (C:\Efinity\Embedded\Lab7\debug_top.v:5071)
[EFX-0200 WARNING] Removing redundant signal : mux_capture_cmp[2]. (C:\Efinity\Embedded\Lab7\debug_top.v:5071)
[EFX-0200 WARNING] Removing redundant signal : mux_capture_cmp[1]. (C:\Efinity\Embedded\Lab7\debug_top.v:5071)
[EFX-0201 WARNING] Re-wiring to GND non-driven net 'probe_in_sync[0]'. (C:\Efinity\Embedded\Lab7\debug_top.v:1314)
[EFX-0201 WARNING] Re-wiring to GND non-driven net 'probe_in_sync_2d[0][15]'. (C:\Efinity\Embedded\Lab7\debug_top.v:1884)
[EFX-0201 WARNING] Re-wiring to GND non-driven net 'probe_in_sync_2d[0][14]'. (C:\Efinity\Embedded\Lab7\debug_top.v:1884)
[EFX-0201 WARNING] Re-wiring to GND non-driven net 'probe_in_sync_2d[0][13]'. (C:\Efinity\Embedded\Lab7\debug_top.v:1884)
[EFX-0201 WARNING] Re-wiring to GND non-driven net 'probe_in_sync_2d[0][12]'. (C:\Efinity\Embedded\Lab7\debug_top.v:1884)
[EFX-0201 WARNING] Re-wiring to GND non-driven net 'probe_in_sync_2d[0][11]'. (C:\Efinity\Embedded\Lab7\debug_top.v:1884)
[EFX-0201 WARNING] Re-wiring to GND non-driven net 'probe_in_sync_2d[0][10]'. (C:\Efinity\Embedded\Lab7\debug_top.v:1884)
[EFX-0201 WARNING] Re-wiring to GND non-driven net 'probe_in_sync_2d[0][9]'. (C:\Efinity\Embedded\Lab7\debug_top.v:1884)
[EFX-0201 WARNING] Re-wiring to GND non-driven net 'probe_in_sync_2d[0][8]'. (C:\Efinity\Embedded\Lab7\debug_top.v:1884)
[EFX-0201 WARNING] Re-wiring to GND non-driven net 'probe_in_sync_2d[0][7]'. (C:\Efinity\Embedded\Lab7\debug_top.v:1884)
[EFX-0657 WARNING] Mapping into logic memory block 'u_soc/u_EfxSapphireSoc/system_axiA_logic_bmbToAxiBridge/readCmdInfo_fifo/logic_ram' (16 bits) (C:/Efinity/Embedded/Lab7\ip/soc\soc.v:12348) because size is too small (<=64)
[EFX-0657 WARNING] Mapping into logic memory block 'u_soc/u_EfxSapphireSoc/system_axiA_logic_bmbToAxiBridge/writeCmdInfo_fifo/logic_ram' (16 bits) (C:/Efinity/Embedded/Lab7\ip/soc\soc.v:12348) because size is too small (<=64)
[EFX-0011 VERI-WARNING] Input/inout port jtag_inst1_UPDATE is unconnected and will be removed. (VDB-8003) (C:\Efinity\Embedded\Lab7\top.v:29)
[EFX-0011 VERI-WARNING] Input/inout port jtag_inst1_RESET is unconnected and will be removed. (VDB-8003) (C:\Efinity\Embedded\Lab7\top.v:30)
