
///////////////////////////////////
// Efinity Synthesis Started 
// Apr 04, 2025 14:56:42
///////////////////////////////////

[EFX-0011 VERI-WARNING] port 'userInterruptA' is not connected on this instance (VERI-2435) (C:\Efinity\Embedded\Lab1\top.v:94)
[EFX-0011 VERI-WARNING] port 'io_apbSlave_0_PADDR' remains unconnected for this instance (VERI-1927) (C:\Efinity\Embedded\Lab1\top.v:94)
[EFX-0011 VERI-WARNING] net 'IBusSimplePlugin_rspJoin_fetchRsp_isRvc' does not have a driver (VDB-1002) (C:/Efinity/Embedded/Lab1\ip/soc\soc.v:5916)
[EFX-0011 VERI-WARNING] net 'CsrPlugin_mtvec_mode[1]' does not have a driver (VDB-1002) (C:/Efinity/Embedded/Lab1\ip/soc\soc.v:6005)
[EFX-0011 VERI-WARNING] system function call 'urandom' is not supported (VERI-1141) (C:/Efinity/Embedded/Lab1\ip/soc\soc.v:11232)
[EFX-0011 VERI-WARNING] system function call 'urandom' is not supported (VERI-1141) (C:/Efinity/Embedded/Lab1\ip/soc\soc.v:11233)
[EFX-0011 VERI-WARNING] system function call 'urandom' is not supported (VERI-1141) (C:/Efinity/Embedded/Lab1\ip/soc\soc.v:12000)
[EFX-0011 VERI-WARNING] system function call 'urandom' is not supported (VERI-1141) (C:/Efinity/Embedded/Lab1\ip/soc\soc.v:12001)
[EFX-0011 VERI-WARNING] input port 'jtagCtrl_update' remains unconnected for this instance (VDB-1053) (C:\Efinity\Embedded\Lab1\top.v:64)
[EFX-0200 WARNING] Removing redundant signal : pushPtr_valueNext[0]. (C:/Efinity/Embedded/Lab1\ip/soc\soc.v:11294)
[EFX-0200 WARNING] Removing redundant signal : popPtr_valueNext[0]. (C:/Efinity/Embedded/Lab1\ip/soc\soc.v:11300)
[EFX-0200 WARNING] Removing redundant signal : src2[31]. (C:/Efinity/Embedded/Lab1\ip/soc\soc.v:12112)
[EFX-0200 WARNING] Removing redundant signal : src2[30]. (C:/Efinity/Embedded/Lab1\ip/soc\soc.v:12112)
[EFX-0200 WARNING] Removing redundant signal : src2[29]. (C:/Efinity/Embedded/Lab1\ip/soc\soc.v:12112)
[EFX-0200 WARNING] Removing redundant signal : src2[28]. (C:/Efinity/Embedded/Lab1\ip/soc\soc.v:12112)
[EFX-0200 WARNING] Removing redundant signal : src2[27]. (C:/Efinity/Embedded/Lab1\ip/soc\soc.v:12112)
[EFX-0200 WARNING] Removing redundant signal : src2[26]. (C:/Efinity/Embedded/Lab1\ip/soc\soc.v:12112)
[EFX-0200 WARNING] Removing redundant signal : src2[25]. (C:/Efinity/Embedded/Lab1\ip/soc\soc.v:12112)
[EFX-0200 WARNING] Removing redundant signal : src2[24]. (C:/Efinity/Embedded/Lab1\ip/soc\soc.v:12112)
[EFX-0200 WARNING] Removing redundant signal : src2[23]. (C:/Efinity/Embedded/Lab1\ip/soc\soc.v:12112)
[EFX-0200 WARNING] Removing redundant signal : src2[22]. (C:/Efinity/Embedded/Lab1\ip/soc\soc.v:12112)
[EFX-0200 WARNING] Removing redundant signal : src2[21]. (C:/Efinity/Embedded/Lab1\ip/soc\soc.v:12112)
[EFX-0200 WARNING] Removing redundant signal : src2[20]. (C:/Efinity/Embedded/Lab1\ip/soc\soc.v:12112)
[EFX-0200 WARNING] Removing redundant signal : src2[19]. (C:/Efinity/Embedded/Lab1\ip/soc\soc.v:12112)
[EFX-0200 WARNING] Removing redundant signal : src2[18]. (C:/Efinity/Embedded/Lab1\ip/soc\soc.v:12112)
[EFX-0200 WARNING] Removing redundant signal : src2[17]. (C:/Efinity/Embedded/Lab1\ip/soc\soc.v:12112)
[EFX-0200 WARNING] Removing redundant signal : src2[16]. (C:/Efinity/Embedded/Lab1\ip/soc\soc.v:12112)
[EFX-0200 WARNING] Removing redundant signal : src2[15]. (C:/Efinity/Embedded/Lab1\ip/soc\soc.v:12112)
[EFX-0200 WARNING] Removing redundant signal : src2[14]. (C:/Efinity/Embedded/Lab1\ip/soc\soc.v:12112)
[EFX-0201 WARNING] Re-wiring to GND non-driven net 'IBusSimplePlugin_rspJoin_fetchRsp_isRvc'. (C:/Efinity/Embedded/Lab1\ip/soc\soc.v:5916)
[EFX-0201 WARNING] Re-wiring to GND non-driven net 'CsrPlugin_mtvec_mode[1]'. (C:/Efinity/Embedded/Lab1\ip/soc\soc.v:6005)
[EFX-0201 WARNING] Re-wiring to GND non-driven net 'CsrPlugin_mtvec_mode[0]'. (C:/Efinity/Embedded/Lab1\ip/soc\soc.v:6005)
[EFX-0201 WARNING] Re-wiring to GND non-driven net 'soc_inst.jtagCtrl_update'. (C:\Efinity\Embedded\Lab1\top.v:64)
[EFX-0201 WARNING] Re-wiring to GND non-driven net 'soc_inst.jtagCtrl_reset'. (C:\Efinity\Embedded\Lab1\top.v:64)
[EFX-0201 WARNING] Re-wiring to GND non-driven net 'soc_inst.system_spi_0_io_data_2_read'. (C:\Efinity\Embedded\Lab1\top.v:64)
[EFX-0201 WARNING] Re-wiring to GND non-driven net 'soc_inst.system_spi_0_io_data_3_read'. (C:\Efinity\Embedded\Lab1\top.v:64)
[EFX-0201 WARNING] Re-wiring to GND non-driven net 'soc_inst.userInterruptA'. (C:\Efinity\Embedded\Lab1\top.v:64)
[EFX-0201 WARNING] Re-wiring to GND non-driven net 'soc_inst.io_apbSlave_0_PRDATA[31]'. (C:\Efinity\Embedded\Lab1\top.v:64)
[EFX-0201 WARNING] Re-wiring to GND non-driven net 'soc_inst.io_apbSlave_0_PRDATA[30]'. (C:\Efinity\Embedded\Lab1\top.v:64)
